#
# A fatal error has been detected by the Java Runtime Environment:
#
#  EXCEPTION_ACCESS_VIOLATION (0xc0000005) at pc=0x000000006aa952d5, pid=8152, tid=0x000000000000188c
#
# JRE version: Java(TM) SE Runtime Environment (8.0_101-b13) (build 1.8.0_101-b13)
# Java VM: Java HotSpot(TM) 64-Bit Server VM (25.101-b13 mixed mode windows-amd64 compressed oops)
# Problematic frame:
# V  [jvm.dll+0x1252d5]
#
# Failed to write core dump. Minidumps are not enabled by default on client versions of Windows
#
# If you would like to submit a bug report, please visit:
#   http://bugreport.java.com/bugreport/crash.jsp
#

---------------  T H R E A D  ---------------

Current thread (0x000000000020f000):  JavaThread "main" [_thread_in_vm, id=6284, stack(0x00000000021f0000,0x00000000022f0000)]

siginfo: ExceptionCode=0xc0000005, reading address 0x0000000061766172

Registers:
RAX=0x00004303df97736e, RBX=0x000000000020dbc0, RCX=0x000000006176616a, RDX=0x000000000206b4e0
RSP=0x00000000022ee820, RBP=0x00000000000003d8, RSI=0x000000000020f7b0, RDI=0x000000000020f000
R8 =0x0000000000000000, R9 =0x0000000000000000, R10=0x0000000000000030, R11=0x00000000141f1ef8
R12=0x000000000020f7c0, R13=0x000000000020fb98, R14=0x00000000022eee38, R15=0x000000000020f000
RIP=0x000000006aa952d5, EFLAGS=0x0000000000010202

Top of Stack: (sp=0x00000000022ee820)
0x00000000022ee820:   00000000ee4feaf8 0000000000000011
0x00000000022ee830:   00000000ef3a2090 00000000029bd8fc
0x00000000022ee840:   00004303df977abe 00000000029b7ef4
0x00000000022ee850:   0000000000000000 000000005461bc38
0x00000000022ee860:   00000000022eea60 00004303df97736e
0x00000000022ee870:   000000000020dbc0 000000006adb9b7b
0x00000000022ee880:   00000000ee50a748 0000000000000011
0x00000000022ee890:   00000000022eee00 00000000029b9984
0x00000000022ee8a0:   0000000000001175 0000000000000000
0x00000000022ee8b0:   0000000054786620 00000000023f916a
0x00000000022ee8c0:   000000000020f000 00000000142705e8
0x00000000022ee8d0:   00000000022eeab0 00000000ef180630
0x00000000022ee8e0:   00000000ec7e9708 0057007400650067
0x00000000022ee8f0:   4070000000000000 0000000000000000
0x00000000022ee900:   0000000000000000 0000000000000000
0x00000000022ee910:   0000000000000000 00000000eddecc00 

Instructions: (pc=0x000000006aa952d5)
0x000000006aa952b5:   00 00 48 8b 00 c3 cc cc cc cc cc 40 53 48 83 ec
0x000000006aa952c5:   50 48 8b 05 93 40 6c 00 48 33 c4 48 89 44 24 48
0x000000006aa952d5:   83 79 08 00 48 8b d9 0f 8e b9 00 00 00 0f b6 81
0x000000006aa952e5:   0e 01 00 00 c0 e8 03 a8 01 0f 84 a7 00 00 00 48 


Register to memory mapping:

RAX=0x00004303df97736e is an unknown value
RBX=0x000000000020dbc0 is an unknown value
RCX=0x000000006176616a is an unknown value
RDX=0x000000000206b4e0 is an unknown value
RSP=0x00000000022ee820 is pointing into the stack for thread: 0x000000000020f000
RBP=0x00000000000003d8 is an unknown value
RSI=0x000000000020f7b0 is an unknown value
RDI=0x000000000020f000 is a thread
R8 =0x0000000000000000 is an unknown value
R9 =0x0000000000000000 is an unknown value
R10=0x0000000000000030 is an unknown value
R11=0x00000000141f1ef8 is pointing into metadata
R12=0x000000000020f7c0 is an unknown value
R13=0x000000000020fb98 is an unknown value
R14=0x00000000022eee38 is pointing into the stack for thread: 0x000000000020f000
R15=0x000000000020f000 is a thread


Stack: [0x00000000021f0000,0x00000000022f0000],  sp=0x00000000022ee820,  free space=1018k
Native frames: (J=compiled Java code, j=interpreted, Vv=VM code, C=native code)
V  [jvm.dll+0x1252d5]
V  [jvm.dll+0x449b7b]
C  0x00000000023f916a

Java frames: (J=compiled Java code, j=interpreted, Vv=VM code)
v  ~RuntimeStub::throw_class_cast_exception Runtime1 stub
J 1930 C1 com.android.dx.dex.code.OutputFinisher.align64bits([Lcom/android/dx/dex/code/Dop;)V (247 bytes) @ 0x00000000029f2185 [0x00000000029f0be0+0x15a5]
J 1963 C1 com.android.dx.dex.code.OutputFinisher.finishProcessingAndGetList()Lcom/android/dx/dex/code/DalvInsnList; (74 bytes) @ 0x0000000002a0c054 [0x0000000002a0bfa0+0xb4]
J 1929 C1 com.android.dx.dex.code.DalvCode.finishProcessingIfNecessary()V (69 bytes) @ 0x0000000002a016a4 [0x0000000002a01620+0x84]
J 1942 C1 com.android.dx.dex.file.CodeItem.place0(Lcom/android/dx/dex/file/Section;I)V (88 bytes) @ 0x0000000002a04154 [0x0000000002a03f80+0x1d4]
J 1805 C1 com.android.dx.dex.file.OffsettedItem.place(Lcom/android/dx/dex/file/Section;I)I (78 bytes) @ 0x0000000002989404 [0x0000000002989340+0xc4]
j  com.android.dx.dex.file.MixedItemSection.placeItems()V+94
j  com.android.dx.dex.file.DexFile.toDex0(ZZ)Lcom/android/dx/util/ByteArrayAnnotatedOutput;+195
j  com.android.dx.dex.file.DexFile.toDex(Ljava/io/Writer;Z)[B+13
j  com.android.dx.command.dexer.Main.writeDex(Lcom/android/dx/dex/file/DexFile;)[B+44
j  com.android.dx.command.dexer.Main.runMonoDex()I+106
j  com.android.dx.command.dexer.Main.run(Lcom/android/dx/command/dexer/Main$Arguments;)I+76
j  com.android.dx.command.dexer.Main.main([Ljava/lang/String;)V+14
j  com.android.dx.command.Main.main([Ljava/lang/String;)V+61
v  ~StubRoutines::call_stub

---------------  P R O C E S S  ---------------

Java Threads: ( => current thread )
  0x0000000055ffc800 JavaThread "Service Thread" daemon [_thread_blocked, id=11196, stack(0x00000000569d0000,0x0000000056ad0000)]
  0x0000000055f89000 JavaThread "C1 CompilerThread2" daemon [_thread_blocked, id=3884, stack(0x00000000568c0000,0x00000000569c0000)]
  0x0000000055f87800 JavaThread "C2 CompilerThread1" daemon [_thread_in_native, id=7696, stack(0x00000000567a0000,0x00000000568a0000)]
  0x0000000054bee000 JavaThread "C2 CompilerThread0" daemon [_thread_in_native, id=1088, stack(0x0000000055b20000,0x0000000055c20000)]
  0x0000000055f7a800 JavaThread "Attach Listener" daemon [_thread_blocked, id=9132, stack(0x0000000056520000,0x0000000056620000)]
  0x0000000054bde000 JavaThread "Signal Dispatcher" daemon [_thread_blocked, id=8456, stack(0x00000000563a0000,0x00000000564a0000)]
  0x0000000054bc9000 JavaThread "Finalizer" daemon [_thread_blocked, id=7228, stack(0x0000000055d70000,0x0000000055e70000)]
  0x0000000054b82000 JavaThread "Reference Handler" daemon [_thread_blocked, id=10832, stack(0x0000000055e70000,0x0000000055f70000)]
=>0x000000000020f000 JavaThread "main" [_thread_in_vm, id=6284, stack(0x00000000021f0000,0x00000000022f0000)]

Other Threads:
  0x0000000054b7a800 VMThread [stack: 0x0000000055c20000,0x0000000055d20000] [id=3612]
  0x000000005602f000 WatcherThread [stack: 0x0000000056670000,0x0000000056770000] [id=10732]

VM state:not at safepoint (normal execution)

VM Mutex/Monitor currently owned by a thread: None

Heap:
 PSYoungGen      total 71680K, used 64553K [0x00000000eab00000, 0x00000000ef600000, 0x0000000100000000)
  eden space 66560K, 89% used [0x00000000eab00000,0x00000000ee510788,0x00000000eec00000)
  from space 5120K, 99% used [0x00000000ef100000,0x00000000ef5fa048,0x00000000ef600000)
  to   space 5120K, 0% used [0x00000000eec00000,0x00000000eec00000,0x00000000ef100000)
 ParOldGen       total 87552K, used 5091K [0x00000000c0000000, 0x00000000c5580000, 0x00000000eab00000)
  object space 87552K, 5% used [0x00000000c0000000,0x00000000c04f8e30,0x00000000c5580000)
 Metaspace       used 6568K, capacity 7384K, committed 7680K, reserved 1056768K
  class space    used 623K, capacity 656K, committed 768K, reserved 1048576K

Card table byte_map: [0x00000000116b0000,0x00000000118c0000] byte_map_base: 0x00000000110b0000

Marking Bits: (ParMarkBitMap*) 0x000000006b18a6d0
 Begin Bits: [0x0000000011ff0000, 0x0000000012ff0000)
 End Bits:   [0x0000000012ff0000, 0x0000000013ff0000)

Polling page: 0x0000000000330000

CodeCache: size=245760Kb used=7280Kb max_used=7280Kb free=238479Kb
 bounds [0x00000000022f0000, 0x0000000002a20000, 0x00000000112f0000]
 total_blobs=2196 nmethods=1926 adapters=182
 compilation: enabled

Compilation events (10 events):
Event: 4.130 Thread 0x0000000055f89000 1964       2       com.android.dx.dex.code.LocalList$MakeState::endLocal (51 bytes)
Event: 4.131 Thread 0x0000000055f89000 nmethod 1964 0x0000000002a0c590 code [0x0000000002a0c740, 0x0000000002a0ca88]
Event: 4.131 Thread 0x0000000055f89000 1965       2       com.android.dx.dex.code.LocalList$MakeState::checkForEmptyRange (198 bytes)
Event: 4.133 Thread 0x0000000055f89000 nmethod 1965 0x0000000002a0ccd0 code [0x0000000002a0cf40, 0x0000000002a0da28]
Event: 4.133 Thread 0x0000000055f89000 1968       2       com.android.dx.dex.code.form.Form21t::isCompatible (58 bytes)
Event: 4.134 Thread 0x0000000055f89000 nmethod 1968 0x0000000002a0ead0 code [0x0000000002a0ec80, 0x0000000002a0f148]
Event: 4.134 Thread 0x0000000055f89000 1966       2       com.android.dx.dex.code.form.Form11n::isCompatible (89 bytes)
Event: 4.134 Thread 0x0000000055f89000 nmethod 1966 0x0000000002a0f590 code [0x0000000002a0f720, 0x0000000002a0fac8]
Event: 4.134 Thread 0x0000000055f89000 1967       2       com.android.dx.dex.code.InsnFormat::signedFitsInNibble (18 bytes)
Event: 4.134 Thread 0x0000000055f89000 nmethod 1967 0x0000000002a0fd50 code [0x0000000002a0fea0, 0x0000000002a0fff0]

GC Heap History (4 events):
Event: 2.160 GC heap before
{Heap before GC invocations=1 (full 0):
 PSYoungGen      total 38400K, used 33280K [0x00000000eab00000, 0x00000000ed580000, 0x0000000100000000)
  eden space 33280K, 100% used [0x00000000eab00000,0x00000000ecb80000,0x00000000ecb80000)
  from space 5120K, 0% used [0x00000000ed080000,0x00000000ed080000,0x00000000ed580000)
  to   space 5120K, 0% used [0x00000000ecb80000,0x00000000ecb80000,0x00000000ed080000)
 ParOldGen       total 87552K, used 0K [0x00000000c0000000, 0x00000000c5580000, 0x00000000eab00000)
  object space 87552K, 0% used [0x00000000c0000000,0x00000000c0000000,0x00000000c5580000)
 Metaspace       used 5869K, capacity 6772K, committed 7040K, reserved 1056768K
  class space    used 598K, capacity 620K, committed 640K, reserved 1048576K
Event: 2.248 GC heap after
Heap after GC invocations=1 (full 0):
 PSYoungGen      total 38400K, used 5106K [0x00000000eab00000, 0x00000000ef600000, 0x0000000100000000)
  eden space 33280K, 0% used [0x00000000eab00000,0x00000000eab00000,0x00000000ecb80000)
  from space 5120K, 99% used [0x00000000ecb80000,0x00000000ed07cab8,0x00000000ed080000)
  to   space 5120K, 0% used [0x00000000ef100000,0x00000000ef100000,0x00000000ef600000)
 ParOldGen       total 87552K, used 1005K [0x00000000c0000000, 0x00000000c5580000, 0x00000000eab00000)
  object space 87552K, 1% used [0x00000000c0000000,0x00000000c00fb440,0x00000000c5580000)
 Metaspace       used 5869K, capacity 6772K, committed 7040K, reserved 1056768K
  class space    used 598K, capacity 620K, committed 640K, reserved 1048576K
}
Event: 3.274 GC heap before
{Heap before GC invocations=2 (full 0):
 PSYoungGen      total 38400K, used 38386K [0x00000000eab00000, 0x00000000ef600000, 0x0000000100000000)
  eden space 33280K, 100% used [0x00000000eab00000,0x00000000ecb80000,0x00000000ecb80000)
  from space 5120K, 99% used [0x00000000ecb80000,0x00000000ed07cab8,0x00000000ed080000)
  to   space 5120K, 0% used [0x00000000ef100000,0x00000000ef100000,0x00000000ef600000)
 ParOldGen       total 87552K, used 1005K [0x00000000c0000000, 0x00000000c5580000, 0x00000000eab00000)
  object space 87552K, 1% used [0x00000000c0000000,0x00000000c00fb440,0x00000000c5580000)
 Metaspace       used 6241K, capacity 7092K, committed 7296K, reserved 1056768K
  class space    used 604K, capacity 620K, committed 640K, reserved 1048576K
Event: 3.332 GC heap after
Heap after GC invocations=2 (full 0):
 PSYoungGen      total 71680K, used 5096K [0x00000000eab00000, 0x00000000ef600000, 0x0000000100000000)
  eden space 66560K, 0% used [0x00000000eab00000,0x00000000eab00000,0x00000000eec00000)
  from space 5120K, 99% used [0x00000000ef100000,0x00000000ef5fa048,0x00000000ef600000)
  to   space 5120K, 0% used [0x00000000eec00000,0x00000000eec00000,0x00000000ef100000)
 ParOldGen       total 87552K, used 5091K [0x00000000c0000000, 0x00000000c5580000, 0x00000000eab00000)
  object space 87552K, 5% used [0x00000000c0000000,0x00000000c04f8e30,0x00000000c5580000)
 Metaspace       used 6241K, capacity 7092K, committed 7296K, reserved 1056768K
  class space    used 604K, capacity 620K, committed 640K, reserved 1048576K
}

Deoptimization events (10 events):
Event: 3.861 Thread 0x000000000020f000 Uncommon trap: reason=class_check action=maybe_recompile pc=0x000000000289e774 method=java.util.Arrays.hashCode([Ljava/lang/Object;)I @ 43
Event: 3.861 Thread 0x000000000020f000 Uncommon trap: reason=bimorphic action=maybe_recompile pc=0x0000000002511210 method=java.util.HashMap.getNode(ILjava/lang/Object;)Ljava/util/HashMap$Node; @ 126
Event: 3.864 Thread 0x000000000020f000 Uncommon trap: reason=bimorphic action=maybe_recompile pc=0x0000000002511210 method=java.util.HashMap.getNode(ILjava/lang/Object;)Ljava/util/HashMap$Node; @ 126
Event: 3.865 Thread 0x000000000020f000 Uncommon trap: reason=bimorphic action=maybe_recompile pc=0x0000000002511210 method=java.util.HashMap.getNode(ILjava/lang/Object;)Ljava/util/HashMap$Node; @ 126
Event: 3.865 Thread 0x000000000020f000 Uncommon trap: reason=bimorphic action=maybe_recompile pc=0x0000000002511210 method=java.util.HashMap.getNode(ILjava/lang/Object;)Ljava/util/HashMap$Node; @ 126
Event: 3.865 Thread 0x000000000020f000 Uncommon trap: reason=bimorphic action=maybe_recompile pc=0x000000000260cc10 method=java.util.HashMap.getNode(ILjava/lang/Object;)Ljava/util/HashMap$Node; @ 126
Event: 3.875 Thread 0x000000000020f000 Uncommon trap: reason=class_check action=maybe_recompile pc=0x000000000272526c method=java.util.HashMap.putVal(ILjava/lang/Object;Ljava/lang/Object;ZZ)Ljava/lang/Object; @ 203
Event: 3.875 Thread 0x000000000020f000 Uncommon trap: reason=class_check action=maybe_recompile pc=0x000000000272526c method=java.util.HashMap.putVal(ILjava/lang/Object;Ljava/lang/Object;ZZ)Ljava/lang/Object; @ 203
Event: 3.876 Thread 0x000000000020f000 Uncommon trap: reason=class_check action=maybe_recompile pc=0x000000000272526c method=java.util.HashMap.putVal(ILjava/lang/Object;Ljava/lang/Object;ZZ)Ljava/lang/Object; @ 203
Event: 3.876 Thread 0x000000000020f000 Uncommon trap: reason=class_check action=maybe_recompile pc=0x000000000272526c method=java.util.HashMap.putVal(ILjava/lang/Object;Ljava/lang/Object;ZZ)Ljava/lang/Object; @ 203

Internal exceptions (2 events):
Event: 0.058 Thread 0x000000000020f000 Exception <a 'java/lang/NoSuchMethodError': Method sun.misc.Unsafe.defineClass(Ljava/lang/String;[BII)Ljava/lang/Class; name or signature does not match> (0x00000000eab07cc0) thrown at [C:\re\workspace\8-2-build-windows-amd64-cygwin\jdk8u101\7261\hotspot\s÷X&VÉ≠?
Event: 0.058 Thread 0x000000000020f000 Exception <a 'java/lang/NoSuchMethodError': Method sun.misc.Unsafe.prefetchRead(Ljava/lang/Object;J)V name or signature does not match> (0x00000000eab07fa8) thrown at [C:\re\workspace\8-2-build-windows-amd64-cygwin\jdk8u101\7261\hotspot\src\share\vm\prims\

Events (10 events):
Event: 4.103 Thread 0x000000000020f000 DEOPT PACKING pc=0x00000000029a3799 sp=0x00000000022eeaa0
Event: 4.103 Thread 0x000000000020f000 DEOPT UNPACKING pc=0x000000000233787f sp=0x00000000022ee868 mode 0
Event: 4.104 Thread 0x000000000020f000 DEOPT PACKING pc=0x000000000299c5e1 sp=0x00000000022eeba0
Event: 4.104 Thread 0x000000000020f000 DEOPT UNPACKING pc=0x000000000233787f sp=0x00000000022ee920 mode 0
Event: 4.104 Thread 0x000000000020f000 DEOPT PACKING pc=0x000000000299da9e sp=0x00000000022eeae0
Event: 4.104 Thread 0x000000000020f000 DEOPT UNPACKING pc=0x000000000233787f sp=0x00000000022ee868 mode 0
Event: 4.104 Thread 0x000000000020f000 DEOPT PACKING pc=0x00000000029a4975 sp=0x00000000022eeb60
Event: 4.104 Thread 0x000000000020f000 DEOPT UNPACKING pc=0x000000000233787f sp=0x00000000022ee8b8 mode 0
Event: 4.108 Thread 0x000000000020f000 DEOPT PACKING pc=0x000000000299f391 sp=0x00000000022eead0
Event: 4.108 Thread 0x000000000020f000 DEOPT UNPACKING pc=0x000000000233787f sp=0x00000000022ee858 mode 0


Dynamic libraries:
0x000000013f950000 - 0x000000013f987000 	C:\Program Files\Java\jdk1.8.0_101\bin\java.exe
0x0000000077a20000 - 0x0000000077bc9000 	C:\Windows\SYSTEM32\ntdll.dll
0x0000000077800000 - 0x0000000077920000 	C:\Windows\system32\kernel32.dll
0x000007fefdba0000 - 0x000007fefdc0c000 	C:\Windows\system32\KERNELBASE.dll
0x000007fefed90000 - 0x000007fefee6b000 	C:\Windows\system32\ADVAPI32.dll
0x000007fefdec0000 - 0x000007fefdf5f000 	C:\Windows\system32\msvcrt.dll
0x000007feff8b0000 - 0x000007feff8cf000 	C:\Windows\SYSTEM32\sechost.dll
0x000007feff1c0000 - 0x000007feff2ed000 	C:\Windows\system32\RPCRT4.dll
0x0000000077920000 - 0x0000000077a1a000 	C:\Windows\system32\USER32.dll
0x000007feff3d0000 - 0x000007feff437000 	C:\Windows\system32\GDI32.dll
0x000007feff2f0000 - 0x000007feff2fe000 	C:\Windows\system32\LPK.dll
0x000007feffa00000 - 0x000007feffac9000 	C:\Windows\system32\USP10.dll
0x000007fefc3f0000 - 0x000007fefc5e4000 	C:\Windows\WinSxS\amd64_microsoft.windows.common-controls_6595b64144ccf1df_6.0.7601.18837_none_fa3b1e3d17594757\COMCTL32.dll
0x000007feff350000 - 0x000007feff3c1000 	C:\Windows\system32\SHLWAPI.dll
0x000007feff190000 - 0x000007feff1be000 	C:\Windows\system32\IMM32.DLL
0x000007feff620000 - 0x000007feff729000 	C:\Windows\system32\MSCTF.dll
0x0000000074280000 - 0x0000000074352000 	C:\Program Files\Java\jdk1.8.0_101\jre\bin\msvcr100.dll
0x000000006a970000 - 0x000000006b20a000 	C:\Program Files\Java\jdk1.8.0_101\jre\bin\server\jvm.dll
0x000007fef9e40000 - 0x000007fef9e49000 	C:\Windows\system32\WSOCK32.dll
0x000007feff300000 - 0x000007feff34d000 	C:\Windows\system32\WS2_32.dll
0x000007fefeed0000 - 0x000007fefeed8000 	C:\Windows\system32\NSI.dll
0x000007fefa780000 - 0x000007fefa7bb000 	C:\Windows\system32\WINMM.dll
0x000007fefc930000 - 0x000007fefc93c000 	C:\Windows\system32\VERSION.dll
0x0000000077bf0000 - 0x0000000077bf7000 	C:\Windows\system32\PSAPI.DLL
0x0000000074b60000 - 0x0000000074b6f000 	C:\Program Files\Java\jdk1.8.0_101\jre\bin\verify.dll
0x0000000074250000 - 0x0000000074279000 	C:\Program Files\Java\jdk1.8.0_101\jre\bin\java.dll
0x0000000074230000 - 0x0000000074246000 	C:\Program Files\Java\jdk1.8.0_101\jre\bin\zip.dll
0x000007fefe000000 - 0x000007fefed89000 	C:\Windows\system32\SHELL32.dll
0x000007fefeee0000 - 0x000007feff0e3000 	C:\Windows\system32\ole32.dll
0x000007fefd920000 - 0x000007fefd92f000 	C:\Windows\system32\profapi.dll
0x000007fef3080000 - 0x000007fef31a5000 	C:\Windows\system32\dbghelp.dll

VM Arguments:
jvm_args: -Djava.awt.headless=true -Xmx1024M -Dfile.encoding=GBK -Duser.country=CN -Duser.language=zh -Duser.variant 
java_command: com.android.dx.command.Main --dex --num-threads=4 --output G:\AndroidStudioProjects\fileDemo\app\build\intermediates\pre-dexed\release\internal_impl-23.3.0_7b9063abfda7ccfdf41b057bdc8fc420c479ef91.jar G:\AndroidStudioProjects\fileDemo\app\build\intermediates\exploded-aar\com.android.support\support-v4\23.3.0\jars\libs\internal_impl-23.3.0.jar
java_class_path (initial): G:\Android\sdk1\build-tools\24.0.2\lib\dx.jar
Launcher Type: SUN_STANDARD

Environment Variables:
JAVA_HOME=C:\Program Files\Java\jdk1.8.0_101
CLASSPATH=.;C:\Program Files\Java\jdk1.8.0_101\lib;C:\Program Files\Java\jdk1.8.0_101\lib\tools.jar
PATH=G:\apache-tomcat-6.0.45\bin;C:\Program Files\Common Files\Microsoft Shared\Windows Live;C:\Program Files (x86)\NVIDIA Corporation\PhysX\Common;C:\Windows\system32;C:\Windows;C:\Windows\System32\Wbem;C:\Windows\System32\WindowsPowerShell\v1.0\;C:\Program Files\Java\jdk1.8.0_101\bin;C:\Program Files\Java\jdk1.8.0_101\jre\bin;G:\Git\Gits\cmd;C:\Program Files\Common Files\Microsoft Shared\Windows Live
USERNAME=Administrator
OS=Windows_NT
PROCESSOR_IDENTIFIER=Intel64 Family 6 Model 58 Stepping 9, GenuineIntel



---------------  S Y S T E M  ---------------

OS: Windows 7 , 64 bit Build 7601 (6.1.7601.19045)

CPU:total 4 (2 cores per cpu, 2 threads per core) family 6 model 58 stepping 9, cmov, cx8, fxsr, mmx, sse, sse2, sse3, ssse3, sse4.1, sse4.2, popcnt, avx, aes, clmul, erms, ht, tsc, tscinvbit, tscinv

Memory: 4k page, physical 8288620k(5085376k free), swap 16575404k(12393956k free)

vm_info: Java HotSpot(TM) 64-Bit Server VM (25.101-b13) for windows-amd64 JRE (1.8.0_101-b13), built on Jun 22 2016 01:21:29 by "java_re" with MS VC++ 10.0 (VS2010)

time: Sun Nov 20 17:12:38 2016
elapsed time: 4 seconds (0d 0h 0m 4s)

